<?xml version="1.0" encoding="utf-8"?><testsuites name="pytest tests"><testsuite name="pytest" errors="0" failures="0" skipped="0" tests="119" time="25.621" timestamp="2026-09-08T10:56:18.716957+00:00" hostname="e2b.local"><testcase classname="tests.integration.test_admin" name="test_non_admin_cannot_access_admin_api_or_page" time="0.600" /><testcase classname="tests.integration.test_admin" name="test_admin_reads_all_users_but_ordinary_endpoint_stays_isolated" time="1.152" /><testcase classname="tests.integration.test_admin" name="test_admin_revoke_takes_effect_without_waiting_for_cookie_expiry" time="0.495" /><testcase classname="tests.integration.test_admin" name="test_demo_accounts_cannot_be_promoted" time="0.481" /><testcase classname="tests.integration.test_admin" name="test_grant_requires_existing_user_and_binds_to_account_email" time="0.006" /><testcase classname="tests.integration.test_admin" name="test_admin_pagination_does_not_repeat_rows" time="0.544" /><testcase classname="tests.integration.test_ai_http_budget" name="test_http_total_budget_returns_504_even_when_chunks_keep_arriving[0.001]" time="1.000" /><testcase classname="tests.integration.test_ai_http_budget" name="test_http_total_budget_returns_504_even_when_chunks_keep_arriving[0.15]" time="1.023" /><testcase classname="tests.integration.test_auth_flow" name="test_session_loss_blocks_protected_api" time="0.503" /><testcase classname="tests.integration.test_auth_flow" name="test_signup_login_me_logout_flow" time="0.523" /><testcase classname="tests.integration.test_auth_flow" name="test_duplicate_signup_returns_409" time="0.549" /><testcase classname="tests.integration.test_auth_flow" name="test_wrong_password_returns_401" time="0.563" /><testcase classname="tests.integration.test_auth_flow" name="test_signup_validation_short_password_422" time="0.016" /><testcase classname="tests.integration.test_auth_flow" name="test_me_requires_login" time="0.015" /><testcase classname="tests.integration.test_auth_flow" name="test_stale_session_after_reseed_returns_401" time="0.813" /><testcase classname="tests.integration.test_auth_flow" name="test_email_case_insensitive_signup_login" time="0.750" /><testcase classname="tests.integration.test_auth_flow" name="test_session_cookie_carries_no_plaintext_email" time="0.456" /><testcase classname="tests.integration.test_auth_flow" name="test_session_cookie_expiry_is_seven_days" time="0.771" /><testcase classname="tests.integration.test_chat_flow" name="test_chat_blocked_without_login" time="0.015" /><testcase classname="tests.integration.test_chat_flow" name="test_empty_question_rejected_by_validation" time="0.521" /><testcase classname="tests.integration.test_chat_flow" name="test_full_chat_pipeline_saves_log" time="0.538" /><testcase classname="tests.integration.test_chat_flow" name="test_timeout_returns_504_and_server_survives" time="0.514" /><testcase classname="tests.integration.test_chat_flow" name="test_context_carries_previous_qa" time="0.521" /><testcase classname="tests.integration.test_chat_flow" name="test_my_chats_isolated_per_user" time="1.043" /><testcase classname="tests.integration.test_chat_flow" name="test_my_chats_negative_limit_does_not_bypass_cap" time="0.589" /><testcase classname="tests.integration.test_pages" name="test_all_pages_render" time="0.516" /><testcase classname="tests.integration.test_pages" name="test_templates_render_conditional_branches" time="0.496" /><testcase classname="tests.integration.test_pages" name="test_empty_ai_api_key_is_reported_as_demo_mode" time="0.488" /><testcase classname="tests.integration.test_storage_failure" name="test_db_failure_does_not_claim_persisted_chat_or_log_sensitive_text" time="0.482" /><testcase classname="tests.integration.test_verified_gaps" name="test_password_byte_boundary_is_a_validation_error[\uac00\uac00\uac00\uac00\uac00\uac00\uac00\uac00\uac00\uac00\uac00\uac00\uac00\uac00\uac00\uac00\uac00\uac00\uac00\uac00\uac00\uac00\uac00\uac00-201]" time="0.230" /><testcase classname="tests.integration.test_verified_gaps" name="test_password_byte_boundary_is_a_validation_error[\uac00\uac00\uac00\uac00\uac00\uac00\uac00\uac00\uac00\uac00\uac00\uac00\uac00\uac00\uac00\uac00\uac00\uac00\uac00\uac00\uac00\uac00\uac00\uac00\uac00-422]" time="0.012" /><testcase classname="tests.integration.test_verified_gaps" name="test_password_byte_boundary_is_a_validation_error[aaaaaaaaaaaaaaaaaaaaaaaaaaaaaaaaaaaaaaaaaaaaaaaaaaaaaaaaaaaaaaaa-201]" time="0.230" /><testcase classname="tests.integration.test_verified_gaps" name="test_generated_nickname_respects_maximum" time="0.232" /><testcase classname="tests.integration.test_verified_gaps" name="test_signup_does_not_accept_client_admin_flag" time="0.012" /><testcase classname="tests.integration.test_verified_gaps" name="test_html_redirects_and_api_auth_errors_are_separate" time="0.021" /><testcase classname="tests.integration.test_verified_gaps" name="test_session_is_outermost_and_log_identity_is_explicit" time="0.517" /><testcase classname="tests.integration.test_verified_gaps" name="test_one_http_received_event_and_no_question_logging" time="0.518" /><testcase classname="tests.integration.test_verified_gaps" name="test_unhandled_500_has_security_headers_and_finished_log" time="0.232" /><testcase classname="tests.integration.test_verified_gaps" name="test_success_filter_precedes_limit_and_matches_ai_context" time="0.520" /><testcase classname="tests.integration.test_verified_gaps" name="test_zero_context_disables_history" time="0.539" /><testcase classname="tests.integration.test_verified_gaps" name="test_utc_marker_survives_sqlite_roundtrip" time="0.515" /><testcase classname="tests.integration.test_verified_gaps" name="test_malformed_multipart_maps_to_502_and_is_saved" time="0.537" /><testcase classname="tests.integration.test_verified_gaps" name="test_swagger_links_are_absolute_and_descriptions_match_contract" time="0.049" /><testcase classname="tests.integration.test_verified_gaps" name="test_invalid_unicode_question_returns_422_without_echoing_input" time="0.530" /><testcase classname="tests.integration.test_verified_gaps" name="test_router_budget_also_bounds_an_injected_slow_provider" time="0.547" /><testcase classname="tests.unit.test_ai_client" name="test_normalize_endpoint_accepts_full_url" time="0.001" /><testcase classname="tests.unit.test_ai_client" name="test_normalize_endpoint_appends_to_v1_base" time="0.000" /><testcase classname="tests.unit.test_ai_client" name="test_normalize_endpoint_strips_trailing_slash" time="0.000" /><testcase classname="tests.unit.test_ai_client" name="test_extract_content_standard_format" time="0.000" /><testcase classname="tests.unit.test_ai_client" name="test_extract_content_multipart_list_format" time="0.000" /><testcase classname="tests.unit.test_ai_client" name="test_extract_content_invalid_shape_raises" time="0.000" /><testcase classname="tests.unit.test_ai_client" name="test_extract_content_empty_string_raises" time="0.000" /><testcase classname="tests.unit.test_ai_client" name="test_timeout_exception_maps_to_ai_timeout_error" time="0.007" /><testcase classname="tests.unit.test_ai_client" name="test_http_error_maps_to_ai_error" time="0.006" /><testcase classname="tests.unit.test_ai_policies" name="test_multipart_text_must_be_a_string[None]" time="0.001" /><testcase classname="tests.unit.test_ai_policies" name="test_multipart_text_must_be_a_string[12]" time="0.001" /><testcase classname="tests.unit.test_ai_policies" name="test_multipart_text_must_be_a_string[value2]" time="0.001" /><testcase classname="tests.unit.test_ai_policies" name="test_multipart_text_must_be_a_string[value3]" time="0.001" /><testcase classname="tests.unit.test_ai_policies" name="test_invalid_unicode_response_is_a_format_error" time="0.000" /><testcase classname="tests.unit.test_ai_policies" name="test_retry_event_counts_started_additional_attempts[0-1-0]" time="0.007" /><testcase classname="tests.unit.test_ai_policies" name="test_retry_event_counts_started_additional_attempts[1-2-1]" time="0.007" /><testcase classname="tests.unit.test_ai_policies" name="test_retry_event_counts_started_additional_attempts[2-3-2]" time="0.007" /><testcase classname="tests.unit.test_ai_policies" name="test_authentication_error_is_not_retried" time="0.006" /><testcase classname="tests.unit.test_ai_policies" name="test_total_budget_includes_backoff_and_does_not_claim_an_unstarted_retry" time="0.103" /><testcase classname="tests.unit.test_ai_policies" name="test_total_budget_wraps_whole_generate" time="0.102" /><testcase classname="tests.unit.test_cd_contract" name="test_absent_optional_secrets_are_explicitly_cleared_or_defaulted" time="0.177" /><testcase classname="tests.unit.test_config" name="test_ai_timeout_default_is_45s" time="0.002" /><testcase classname="tests.unit.test_config" name="test_strong_secret_is_used_as_is" time="0.000" /><testcase classname="tests.unit.test_config" name="test_insecure_default_secret_in_production_raises" time="0.000" /><testcase classname="tests.unit.test_config" name="test_short_secret_in_production_raises" time="0.000" /><testcase classname="tests.unit.test_config" name="test_insecure_secret_in_debug_is_replaced_by_random_one" time="0.001" /><testcase classname="tests.unit.test_config" name="test_load_settings_wires_the_guard_in_production" time="0.010" /><testcase classname="tests.unit.test_config" name="test_load_settings_bootstraps_a_secret_in_debug" time="0.002" /><testcase classname="tests.unit.test_context" name="test_context_returns_only_last_n_pairs" time="0.000" /><testcase classname="tests.unit.test_context" name="test_context_preserves_oldest_first_order" time="0.000" /><testcase classname="tests.unit.test_context" name="test_context_with_empty_history_returns_empty" time="0.000" /><testcase classname="tests.unit.test_database" name="test_ensure_sqlite_dir_creates_missing_parent" time="0.001" /><testcase classname="tests.unit.test_database" name="test_ensure_sqlite_dir_skips_memory_and_relative" time="0.000" /><testcase classname="tests.unit.test_database" name="test_sqlite_foreign_keys_pragma_is_on" time="0.001" /><testcase classname="tests.unit.test_database" name="test_chat_logs_fk_ddl_has_on_delete_cascade" time="0.001" /><testcase classname="tests.unit.test_database" name="test_raw_sql_user_delete_removes_logs" time="0.005" /><testcase classname="tests.unit.test_database" name="test_fk_rejects_orphan_log" time="0.005" /><testcase classname="tests.unit.test_deps" name="test_resolve_session_user_returns_user_on_match" time="0.250" /><testcase classname="tests.unit.test_deps" name="test_resolve_session_user_none_without_session" time="0.003" /><testcase classname="tests.unit.test_deps" name="test_resolve_session_user_clears_unknown_id" time="0.004" /><testcase classname="tests.unit.test_deps" name="test_resolve_session_user_clears_email_mismatch" time="0.248" /><testcase classname="tests.unit.test_deps" name="test_resolve_session_user_clears_garbage_id" time="0.003" /><testcase classname="tests.unit.test_deps" name="test_fingerprint_is_not_the_plaintext_email" time="0.000" /><testcase classname="tests.unit.test_frontend_contract" name="test_frontend_counts_codepoints_like_pydantic" time="0.026" /><testcase classname="tests.unit.test_frontend_contract" name="test_template_does_not_apply_a_different_native_utf16_cap" time="0.000" /><testcase classname="tests.unit.test_logging_contract" name="test_log_values_escape_newlines_and_do_not_echo_sensitive_fields" time="0.001" /><testcase classname="tests.unit.test_logging_contract" name="test_unknown_event_is_rejected" time="0.000" /><testcase classname="tests.unit.test_repository_contract" name="test_duplicate_race_becomes_a_domain_error" time="0.001" /><testcase classname="tests.unit.test_repository_contract" name="test_log_failure_rolls_back" time="0.003" /><testcase classname="tests.unit.test_repository_contract" name="test_admin_table_can_be_added_without_changing_existing_users" time="0.005" /><testcase classname="tests.unit.test_schema_edge_cases" name="test_501_emoji_is_501_codepoints_and_is_accepted" time="0.000" /><testcase classname="tests.unit.test_schema_edge_cases" name="test_question_trims_before_length_validation" time="0.000" /><testcase classname="tests.unit.test_schema_edge_cases" name="test_invalid_password_unicode_is_validation_error" time="0.001" /><testcase classname="tests.unit.test_schema_edge_cases" name="test_configuration_rejects_unusable_limits[kwargs0]" time="0.001" /><testcase classname="tests.unit.test_schema_edge_cases" name="test_configuration_rejects_unusable_limits[kwargs1]" time="0.001" /><testcase classname="tests.unit.test_schema_edge_cases" name="test_configuration_rejects_unusable_limits[kwargs2]" time="0.001" /><testcase classname="tests.unit.test_schema_edge_cases" name="test_configuration_rejects_unusable_limits[kwargs3]" time="0.001" /><testcase classname="tests.unit.test_schema_edge_cases" name="test_configuration_rejects_unusable_limits[kwargs4]" time="0.001" /><testcase classname="tests.unit.test_schemas" name="test_chat_request_empty_question_rejected" time="0.000" /><testcase classname="tests.unit.test_schemas" name="test_chat_request_whitespace_only_rejected" time="0.000" /><testcase classname="tests.unit.test_schemas" name="test_chat_request_over_max_length_rejected" time="0.000" /><testcase classname="tests.unit.test_schemas" name="test_chat_request_valid_question_stripped" time="0.000" /><testcase classname="tests.unit.test_schemas" name="test_signup_password_min_length_enforced" time="0.000" /><testcase classname="tests.unit.test_schemas" name="test_signup_nickname_defaults_to_email_prefix" time="0.000" /><testcase classname="tests.unit.test_schemas" name="test_signup_email_normalized_to_lowercase" time="0.000" /><testcase classname="tests.unit.test_schemas" name="test_signup_whitespace_nickname_falls_back_to_prefix" time="0.000" /><testcase classname="tests.unit.test_schemas" name="test_max_question_length_env_moves_the_boundary" time="0.343" /><testcase classname="tests.unit.test_tools" name="test_backup_defaults_to_db_directory_and_preserves_source" time="0.003" /><testcase classname="tests.unit.test_tools" name="test_backup_retention_is_per_source_database" time="0.003" /><testcase classname="tests.unit.test_tools" name="test_backup_explicit_path_does_not_create_a_missing_source" time="0.001" /><testcase classname="tests.unit.test_tools" name="test_ai_check_fake_result_is_not_a_real_connection_claim" time="0.459" /><testcase classname="tests.unit.test_tools" name="test_admin_cli_help_does_not_need_application_secrets" time="0.031" /><testcase classname="tests.unit.test_tools" name="test_experiment_is_twelve_requests_and_restores_global_settings" time="0.676" /><testcase classname="tests.unit.test_tools" name="test_fresh_seed_preserves_non_demo_users_and_logs" time="1.540" /></testsuite></testsuites>